<?xml version="1.0" encoding="UTF-8"?>
<testng-results skipped="0" failed="0" total="1" passed="1">
  <reporter-output>
  </reporter-output>
  <suite name="Suite" duration-ms="5676" started-at="2019-03-20T00:58:26Z" finished-at="2019-03-20T00:58:32Z">
    <groups>
    </groups>
    <test name="Test" duration-ms="5676" started-at="2019-03-20T00:58:26Z" finished-at="2019-03-20T00:58:32Z">
      <class name="work.baidu">
        <test-method status="PASS" signature="openchrome()[pri:0, instance:work.baidu@1c2c22f3]" name="openchrome" is-config="true" duration-ms="2448" started-at="2019-03-20T08:58:26Z" finished-at="2019-03-20T08:58:29Z">
          <reporter-output>
          </reporter-output>
        </test-method> <!-- openchrome -->
        <test-method status="PASS" signature="Alogin()[pri:0, instance:work.baidu@1c2c22f3]" name="Alogin" duration-ms="3221" started-at="2019-03-20T08:58:29Z" finished-at="2019-03-20T08:58:32Z">
          <reporter-output>
          </reporter-output>
        </test-method> <!-- Alogin -->
      </class> <!-- work.baidu -->
    </test> <!-- Test -->
  </suite> <!-- Suite -->
</testng-results>
